<!DOCTYPE html PUBLIC "-//W3C//DTD XHTML 1.1//EN" "http://www.w3.org/TR/xhtml11/DTD/xhtml11.dtd">
<html xmlns="http://www.w3.org/1999/xhtml">
<head>
<meta http-equiv="content-type" content="text/html; charset=UTF-8"/>
<title>TestNG Report</title>
<style type="text/css">table {margin-bottom:10px;border-collapse:collapse;empty-cells:show}th,td {border:1px solid #009;padding:.25em .5em}th {vertical-align:bottom}td {vertical-align:top}table a {font-weight:bold}.stripe td {background-color: #E6EBF9}.num {text-align:right}.passedodd td {background-color: #3F3}.passedeven td {background-color: #0A0}.skippedodd td {background-color: #DDD}.skippedeven td {background-color: #CCC}.failedodd td,.attn {background-color: #F33}.failedeven td,.stripe .attn {background-color: #D00}.stacktrace {white-space:pre;font-family:monospace}.totop {font-size:85%;text-align:center;border-bottom:2px solid #000}.invisible {display:none}</style>
</head>
<body>
<table>
<tr><th>Test</th><th># Passed</th><th># Skipped</th><th># Failed</th><th>Time (ms)</th><th>Included Groups</th><th>Excluded Groups</th></tr>
<tr><th colspan="7">RegressionSuite</th></tr>
<tr><td><a href="#t0">Purchase</a></td><td class="num">2</td><td class="num">0</td><td class="num">0</td><td class="num">68,950</td><td></td><td></td></tr>
<tr class="stripe"><td><a href="#t1">Previous</a></td><td class="num">1</td><td class="num attn">2</td><td class="num attn">1</td><td class="num">39,730</td><td></td><td></td></tr>
<tr><th>Total</th><th class="num">3</th><th class="num attn">2</th><th class="num attn">1</th><th class="num">108,680</th><th colspan="2"></th></tr>
</table>
<table id='summary'><thead><tr><th>Class</th><th>Method</th><th>Start</th><th>Time (ms)</th></tr></thead><tbody><tr><th colspan="4">RegressionSuite</th></tr></tbody><tbody id="t0"><tr><th colspan="4">Purchase &#8212; passed</th></tr><tr class="passedeven"><td rowspan="2">com.automation.AutomationPractice.TC001_PurchaseTwoItems</td><td><a href="#m0">customerLogin</a></td><td rowspan="1">1526618301363</td><td rowspan="1">6148</td></tr><tr class="passedeven"><td><a href="#m1">purchaseTwoItems</a></td><td rowspan="1">1526618308179</td><td rowspan="1">23140</td></tr></tbody>
<tbody id="t1"><tr><th colspan="4">Previous &#8212; failed</th></tr><tr class="failedeven"><td rowspan="1">com.automation.AutomationPractice.TC002_PreviousOrders</td><td><a href="#m2">previousOrdersList</a></td><td rowspan="1">1526618368976</td><td rowspan="1">4323</td></tr><tr><th colspan="4">Previous &#8212; skipped</th></tr><tr class="skippedeven"><td rowspan="2">com.automation.AutomationPractice.TC002_PreviousOrders</td><td><a href="#m3">previousOrdersList</a></td><td rowspan="2">1526618364675</td><td rowspan="2">4298</td></tr><tr class="skippedeven"><td><a href="#m4">previousOrdersList</a></td></tr><tr><th colspan="4">Previous &#8212; passed</th></tr><tr class="passedeven"><td rowspan="1">com.automation.AutomationPractice.TC002_PreviousOrders</td><td><a href="#m5">customerLogin</a></td><td rowspan="1">1526618353493</td><td rowspan="1">6139</td></tr></tbody>
</table>
<h2>Purchase</h2><h3 id="m0">com.automation.AutomationPractice.TC001_PurchaseTwoItems#customerLogin</h3><table class="result"><tr><th>Messages</th></tr><tr><td><div class="messages">Test started Running:customerLogin<br/>Clicked On SignIn LinkUsing with Object[[ChromeDriver: chrome on XP (deb4ddeed4aa476bc5c9e3b640d28019)] -> link text: Sign in]<br/>Entered Email Addressusing with Object[[ChromeDriver: chrome on XP (deb4ddeed4aa476bc5c9e3b640d28019)] -> id: email]<br/>Entered Password using with Object [[ChromeDriver: chrome on XP (deb4ddeed4aa476bc5c9e3b640d28019)] -> id: passwd]<br/>Clicked on SubmitButton using with Object Proxy element for: DefaultElementLocator 'By.id: SubmitLogin'<br/>Verified Account details using with Object [[ChromeDriver: chrome on XP (deb4ddeed4aa476bc5c9e3b640d28019)] -> xpath: //h1[text()='My account']]<br/>Clicked on Home Linkusing with Object Proxy element for: DefaultElementLocator 'By.xpath: //a[@title='Return to Home']'<br/>Test is success:customerLogin<br/><a href='C:\Users\Suuresh\git\selenium\AutomationPractice\src\main\java\com\automation\AutomationPractice\success_screenshots\customerLogin_18_05_2018_10_08_27.png'> <img src='C:\Users\Suuresh\git\selenium\AutomationPractice\src\main\java\com\automation\AutomationPractice\success_screenshots\customerLogin_18_05_2018_10_08_27.png' height='100' width='100'/> </a></div></td></tr></table><p class="totop"><a href="#summary">back to summary</a></p>
<h3 id="m1">com.automation.AutomationPractice.TC001_PurchaseTwoItems#purchaseTwoItems</h3><table class="result"><tr><th>Messages</th></tr><tr><td><div class="messages">Test started Running:purchaseTwoItems<br/>Test is success:purchaseTwoItems<br/><a href='C:\Users\Suuresh\git\selenium\AutomationPractice\src\main\java\com\automation\AutomationPractice\success_screenshots\purchaseTwoItems_18_05_2018_10_08_51.png'> <img src='C:\Users\Suuresh\git\selenium\AutomationPractice\src\main\java\com\automation\AutomationPractice\success_screenshots\purchaseTwoItems_18_05_2018_10_08_51.png' height='100' width='100'/> </a></div></td></tr></table><p class="totop"><a href="#summary">back to summary</a></p>
<h2>Previous</h2><h3 id="m2">com.automation.AutomationPractice.TC002_PreviousOrders#previousOrdersList</h3><table class="result"><tr><th>Messages</th></tr><tr><td><div class="messages">Test started Running:previousOrdersList<br/><a href='C:\Users\Suuresh\git\selenium\AutomationPractice\src\main\java\com\automation\AutomationPractice\failure_screenshots\previousOrdersList_18_05_2018_10_09_33.png'> <img src='C:\Users\Suuresh\git\selenium\AutomationPractice\src\main\java\com\automation\AutomationPractice\failure_screenshots\previousOrdersList_18_05_2018_10_09_33.png' height='100' width='100'/> </a></div></td></tr><tr><th>Exception</th></tr><tr><td><div class="stacktrace">org.openqa.selenium.WebDriverException: unknown error: Failed to execute &apos;scrollBy&apos; on &apos;Window&apos;: parameter 1 (&apos;options&apos;) is not an object.
  (Session info: chrome=66.0.3359.181)
  (Driver info: chromedriver=2.38.552522 (437e6fbedfa8762dec75e2c5b3ddb86763dc9dcb),platform=Windows NT 6.1.7601 SP1 x86_64) (WARNING: The server did not provide any stacktrace information)
Command duration or timeout: 9 milliseconds
Build info: version: &apos;2.53.1&apos;, revision: &apos;a36b8b1cd5757287168e54b817830adce9b0158d&apos;, time: &apos;2016-06-30 19:26:09&apos;
System info: host: &apos;Suuresh-PC&apos;, ip: &apos;192.168.1.6&apos;, os.name: &apos;Windows 7&apos;, os.arch: &apos;amd64&apos;, os.version: &apos;6.1&apos;, java.version: &apos;1.8.0_121&apos;
Driver info: org.openqa.selenium.chrome.ChromeDriver
Capabilities [{applicationCacheEnabled=false, rotatable=false, mobileEmulationEnabled=false, networkConnectionEnabled=false, chrome={chromedriverVersion=2.38.552522 (437e6fbedfa8762dec75e2c5b3ddb86763dc9dcb), userDataDir=C:\Users\Suuresh\AppData\Local\Temp\scoped_dir1984_9653}, takesHeapSnapshot=true, pageLoadStrategy=normal, databaseEnabled=false, handlesAlerts=true, hasTouchScreen=false, version=66.0.3359.181, platform=XP, browserConnectionEnabled=false, nativeEvents=true, acceptSslCerts=false, acceptInsecureCerts=false, locationContextEnabled=true, webStorageEnabled=true, browserName=chrome, takesScreenshot=true, javascriptEnabled=true, cssSelectorsEnabled=true, setWindowRect=true, unexpectedAlertBehaviour=}]
Session ID: 43144e12b09691ea3d52ab37480d095b
	at org.openqa.selenium.remote.ErrorHandler.createThrowable(ErrorHandler.java:206)
	at org.openqa.selenium.remote.ErrorHandler.throwIfResponseFailed(ErrorHandler.java:158)
	at org.openqa.selenium.remote.RemoteWebDriver.execute(RemoteWebDriver.java:678)
	at org.openqa.selenium.remote.RemoteWebDriver.executeScript(RemoteWebDriver.java:577)
	at com.automation.AutomationPractice.TC002_PreviousOrders.previousOrdersList(TC002_PreviousOrders.java:62)
... Removed 29 stack frames</div></td></tr></table><p class="totop"><a href="#summary">back to summary</a></p>
<h3 id="m3">com.automation.AutomationPractice.TC002_PreviousOrders#previousOrdersList</h3><table class="result"><tr><th>Messages</th></tr><tr><td><div class="messages">Test started Running:previousOrdersList<br/>Retrying test previousOrdersList with status FAILURE for the 2 time(s).<br/>Test is skipped:previousOrdersList</div></td></tr><tr><th>Exception</th></tr><tr><td><div class="stacktrace">org.openqa.selenium.WebDriverException: unknown error: Failed to execute &apos;scrollBy&apos; on &apos;Window&apos;: parameter 1 (&apos;options&apos;) is not an object.
  (Session info: chrome=66.0.3359.181)
  (Driver info: chromedriver=2.38.552522 (437e6fbedfa8762dec75e2c5b3ddb86763dc9dcb),platform=Windows NT 6.1.7601 SP1 x86_64) (WARNING: The server did not provide any stacktrace information)
Command duration or timeout: 10 milliseconds
Build info: version: &apos;2.53.1&apos;, revision: &apos;a36b8b1cd5757287168e54b817830adce9b0158d&apos;, time: &apos;2016-06-30 19:26:09&apos;
System info: host: &apos;Suuresh-PC&apos;, ip: &apos;192.168.1.6&apos;, os.name: &apos;Windows 7&apos;, os.arch: &apos;amd64&apos;, os.version: &apos;6.1&apos;, java.version: &apos;1.8.0_121&apos;
Driver info: org.openqa.selenium.chrome.ChromeDriver
Capabilities [{applicationCacheEnabled=false, rotatable=false, mobileEmulationEnabled=false, networkConnectionEnabled=false, chrome={chromedriverVersion=2.38.552522 (437e6fbedfa8762dec75e2c5b3ddb86763dc9dcb), userDataDir=C:\Users\Suuresh\AppData\Local\Temp\scoped_dir1984_9653}, takesHeapSnapshot=true, pageLoadStrategy=normal, databaseEnabled=false, handlesAlerts=true, hasTouchScreen=false, version=66.0.3359.181, platform=XP, browserConnectionEnabled=false, nativeEvents=true, acceptSslCerts=false, acceptInsecureCerts=false, locationContextEnabled=true, webStorageEnabled=true, browserName=chrome, takesScreenshot=true, javascriptEnabled=true, cssSelectorsEnabled=true, setWindowRect=true, unexpectedAlertBehaviour=}]
Session ID: 43144e12b09691ea3d52ab37480d095b
	at org.openqa.selenium.remote.ErrorHandler.createThrowable(ErrorHandler.java:206)
	at org.openqa.selenium.remote.ErrorHandler.throwIfResponseFailed(ErrorHandler.java:158)
	at org.openqa.selenium.remote.RemoteWebDriver.execute(RemoteWebDriver.java:678)
	at org.openqa.selenium.remote.RemoteWebDriver.executeScript(RemoteWebDriver.java:577)
	at com.automation.AutomationPractice.TC002_PreviousOrders.previousOrdersList(TC002_PreviousOrders.java:62)
... Removed 29 stack frames</div></td></tr></table><p class="totop"><a href="#summary">back to summary</a></p>
<h3 id="m4">com.automation.AutomationPractice.TC002_PreviousOrders#previousOrdersList</h3><table class="result"><tr><th>Messages</th></tr><tr><td><div class="messages">Test started Running:previousOrdersList<br/>Retrying test previousOrdersList with status FAILURE for the 1 time(s).<br/>Test is skipped:previousOrdersList</div></td></tr><tr><th>Exception</th></tr><tr><td><div class="stacktrace">org.openqa.selenium.WebDriverException: unknown error: Failed to execute &apos;scrollBy&apos; on &apos;Window&apos;: parameter 1 (&apos;options&apos;) is not an object.
  (Session info: chrome=66.0.3359.181)
  (Driver info: chromedriver=2.38.552522 (437e6fbedfa8762dec75e2c5b3ddb86763dc9dcb),platform=Windows NT 6.1.7601 SP1 x86_64) (WARNING: The server did not provide any stacktrace information)
Command duration or timeout: 22 milliseconds
Build info: version: &apos;2.53.1&apos;, revision: &apos;a36b8b1cd5757287168e54b817830adce9b0158d&apos;, time: &apos;2016-06-30 19:26:09&apos;
System info: host: &apos;Suuresh-PC&apos;, ip: &apos;192.168.1.6&apos;, os.name: &apos;Windows 7&apos;, os.arch: &apos;amd64&apos;, os.version: &apos;6.1&apos;, java.version: &apos;1.8.0_121&apos;
Driver info: org.openqa.selenium.chrome.ChromeDriver
Capabilities [{applicationCacheEnabled=false, rotatable=false, mobileEmulationEnabled=false, networkConnectionEnabled=false, chrome={chromedriverVersion=2.38.552522 (437e6fbedfa8762dec75e2c5b3ddb86763dc9dcb), userDataDir=C:\Users\Suuresh\AppData\Local\Temp\scoped_dir1984_9653}, takesHeapSnapshot=true, pageLoadStrategy=normal, databaseEnabled=false, handlesAlerts=true, hasTouchScreen=false, version=66.0.3359.181, platform=XP, browserConnectionEnabled=false, nativeEvents=true, acceptSslCerts=false, acceptInsecureCerts=false, locationContextEnabled=true, webStorageEnabled=true, browserName=chrome, takesScreenshot=true, javascriptEnabled=true, cssSelectorsEnabled=true, setWindowRect=true, unexpectedAlertBehaviour=}]
Session ID: 43144e12b09691ea3d52ab37480d095b
	at org.openqa.selenium.remote.ErrorHandler.createThrowable(ErrorHandler.java:206)
	at org.openqa.selenium.remote.ErrorHandler.throwIfResponseFailed(ErrorHandler.java:158)
	at org.openqa.selenium.remote.RemoteWebDriver.execute(RemoteWebDriver.java:678)
	at org.openqa.selenium.remote.RemoteWebDriver.executeScript(RemoteWebDriver.java:577)
	at com.automation.AutomationPractice.TC002_PreviousOrders.previousOrdersList(TC002_PreviousOrders.java:62)
... Removed 29 stack frames</div></td></tr></table><p class="totop"><a href="#summary">back to summary</a></p>
<h3 id="m5">com.automation.AutomationPractice.TC002_PreviousOrders#customerLogin</h3><table class="result"><tr><th>Messages</th></tr><tr><td><div class="messages">Test started Running:customerLogin<br/>Clicked On SignIn LinkUsing with Object[[ChromeDriver: chrome on XP (43144e12b09691ea3d52ab37480d095b)] -> link text: Sign in]<br/>Entered Email Addressusing with Object[[ChromeDriver: chrome on XP (43144e12b09691ea3d52ab37480d095b)] -> id: email]<br/>Entered Password using with Object [[ChromeDriver: chrome on XP (43144e12b09691ea3d52ab37480d095b)] -> id: passwd]<br/>Clicked on SubmitButton using with Object Proxy element for: DefaultElementLocator 'By.id: SubmitLogin'<br/>Verified Account details using with Object [[ChromeDriver: chrome on XP (43144e12b09691ea3d52ab37480d095b)] -> xpath: //h1[text()='My account']]<br/>Clicked on Home Linkusing with Object Proxy element for: DefaultElementLocator 'By.xpath: //a[@title='Return to Home']'<br/>Test is success:customerLogin<br/><a href='C:\Users\Suuresh\git\selenium\AutomationPractice\src\main\java\com\automation\AutomationPractice\success_screenshots\customerLogin_18_05_2018_10_09_19.png'> <img src='C:\Users\Suuresh\git\selenium\AutomationPractice\src\main\java\com\automation\AutomationPractice\success_screenshots\customerLogin_18_05_2018_10_09_19.png' height='100' width='100'/> </a></div></td></tr></table><p class="totop"><a href="#summary">back to summary</a></p>
</body>
</html>
