<?xml version="1.0" encoding="UTF-8"?>
<testng-results skipped="2" failed="1" ignored="0" total="4" passed="1">
  <reporter-output>
    <line>
      <![CDATA[Test started Running:customerLogin]]>
    </line>
    <line>
      <![CDATA[Clicked On SignIn LinkUsing with Object[[ChromeDriver: chrome on XP (17911cc707d5ba6a5fea22d03bb5197c)] -> link text: Sign in]]]>
    </line>
    <line>
      <![CDATA[Entered Email Addressusing with Object[[ChromeDriver: chrome on XP (17911cc707d5ba6a5fea22d03bb5197c)] -> id: email]]]>
    </line>
    <line>
      <![CDATA[Retrying test customerLogin with status FAILURE for the 1 time(s).]]>
    </line>
    <line>
      <![CDATA[Test is skipped:customerLogin]]>
    </line>
    <line>
      <![CDATA[Test started Running:customerLogin]]>
    </line>
    <line>
      <![CDATA[Clicked On SignIn LinkUsing with Object[[ChromeDriver: chrome on XP (17911cc707d5ba6a5fea22d03bb5197c)] -> link text: Sign in]]]>
    </line>
    <line>
      <![CDATA[Entered Email Addressusing with Object[[ChromeDriver: chrome on XP (17911cc707d5ba6a5fea22d03bb5197c)] -> id: email]]]>
    </line>
    <line>
      <![CDATA[Retrying test customerLogin with status FAILURE for the 2 time(s).]]>
    </line>
    <line>
      <![CDATA[Test is skipped:customerLogin]]>
    </line>
    <line>
      <![CDATA[Test started Running:customerLogin]]>
    </line>
    <line>
      <![CDATA[Clicked On SignIn LinkUsing with Object[[ChromeDriver: chrome on XP (17911cc707d5ba6a5fea22d03bb5197c)] -> link text: Sign in]]]>
    </line>
    <line>
      <![CDATA[Entered Email Addressusing with Object[[ChromeDriver: chrome on XP (17911cc707d5ba6a5fea22d03bb5197c)] -> id: email]]]>
    </line>
    <line>
      <![CDATA[<a href='D:\Selenium Projects\AutomationPractice\src\main\java\com\automation\AutomationPractice\failure_screenshots\customerLogin_16_05_2018_09_50_07.png'> <img src='D:\Selenium Projects\AutomationPractice\src\main\java\com\automation\AutomationPractice\failure_screenshots\customerLogin_16_05_2018_09_50_07.png' height='100' width='100'/> </a>]]>
    </line>
    <line>
      <![CDATA[Test started Running:purchaseTwoItems]]>
    </line>
    <line>
      <![CDATA[Test is success:purchaseTwoItems]]>
    </line>
    <line>
      <![CDATA[<a href='D:\Selenium Projects\AutomationPractice\src\main\java\com\automation\AutomationPractice\success_screenshots\purchaseTwoItems_16_05_2018_09_50_07.png'> <img src='D:\Selenium Projects\AutomationPractice\src\main\java\com\automation\AutomationPractice\success_screenshots\purchaseTwoItems_16_05_2018_09_50_07.png' height='100' width='100'/> </a>]]>
    </line>
  </reporter-output>
  <suite name="RegressionSuite" duration-ms="52567" started-at="2018-05-16T16:19:15Z" finished-at="2018-05-16T16:20:08Z">
    <groups>
    </groups>
    <test name="ChromeTest" duration-ms="52567" started-at="2018-05-16T16:19:15Z" finished-at="2018-05-16T16:20:08Z">
      <class name="com.automation.AutomationPractice.TC001_PurchaseTwoItems">
        <test-method status="PASS" signature="startProcess(java.lang.String)[pri:0, instance:com.automation.AutomationPractice.TC001_PurchaseTwoItems@1060b431]" name="startProcess" is-config="true" duration-ms="43912" started-at="2018-05-16T16:19:15Z" finished-at="2018-05-16T16:19:59Z">
          <params>
            <param index="0">
              <value>
                <![CDATA[chrome]]>
              </value>
            </param>
          </params>
          <reporter-output>
          </reporter-output>
        </test-method> <!-- startProcess -->
        <test-method status="SKIP" signature="customerLogin()[pri:0, instance:com.automation.AutomationPractice.TC001_PurchaseTwoItems@1060b431]" name="customerLogin" duration-ms="3404" started-at="2018-05-16T16:19:59Z" finished-at="2018-05-16T16:20:02Z">
          <exception class="org.openqa.selenium.NoSuchElementException">
            <message>
              <![CDATA[no such element: Unable to locate element: {"method":"id","selector":"passw"}
  (Session info: chrome=66.0.3359.181)
  (Driver info: chromedriver=2.38.552522 (437e6fbedfa8762dec75e2c5b3ddb86763dc9dcb),platform=Windows NT 10.0.16299 x86_64) (WARNING: The server did not provide any stacktrace information)
Command duration or timeout: 42 milliseconds
For documentation on this error, please visit: http://seleniumhq.org/exceptions/no_such_element.html
Build info: version: '2.53.1', revision: 'a36b8b1cd5757287168e54b817830adce9b0158d', time: '2016-06-30 19:26:09'
System info: host: 'DESKTOP-2PVPGVB', ip: '192.168.37.1', os.name: 'Windows 10', os.arch: 'amd64', os.version: '10.0', java.version: '1.8.0_162'
Driver info: org.openqa.selenium.chrome.ChromeDriver
Capabilities [{applicationCacheEnabled=false, rotatable=false, mobileEmulationEnabled=false, networkConnectionEnabled=false, chrome={chromedriverVersion=2.38.552522 (437e6fbedfa8762dec75e2c5b3ddb86763dc9dcb), userDataDir=C:\Users\RAVIKA~1\AppData\Local\Temp\scoped_dir4524_30889}, takesHeapSnapshot=true, pageLoadStrategy=normal, databaseEnabled=false, handlesAlerts=true, hasTouchScreen=false, version=66.0.3359.181, platform=XP, browserConnectionEnabled=false, nativeEvents=true, acceptSslCerts=false, acceptInsecureCerts=false, locationContextEnabled=true, webStorageEnabled=true, browserName=chrome, takesScreenshot=true, javascriptEnabled=true, cssSelectorsEnabled=true, setWindowRect=true, unexpectedAlertBehaviour=}]
Session ID: 17911cc707d5ba6a5fea22d03bb5197c
*** Element info: {Using=id, value=passw}]]>
            </message>
            <full-stacktrace>
              <![CDATA[org.openqa.selenium.NoSuchElementException: no such element: Unable to locate element: {"method":"id","selector":"passw"}
  (Session info: chrome=66.0.3359.181)
  (Driver info: chromedriver=2.38.552522 (437e6fbedfa8762dec75e2c5b3ddb86763dc9dcb),platform=Windows NT 10.0.16299 x86_64) (WARNING: The server did not provide any stacktrace information)
Command duration or timeout: 42 milliseconds
For documentation on this error, please visit: http://seleniumhq.org/exceptions/no_such_element.html
Build info: version: '2.53.1', revision: 'a36b8b1cd5757287168e54b817830adce9b0158d', time: '2016-06-30 19:26:09'
System info: host: 'DESKTOP-2PVPGVB', ip: '192.168.37.1', os.name: 'Windows 10', os.arch: 'amd64', os.version: '10.0', java.version: '1.8.0_162'
Driver info: org.openqa.selenium.chrome.ChromeDriver
Capabilities [{applicationCacheEnabled=false, rotatable=false, mobileEmulationEnabled=false, networkConnectionEnabled=false, chrome={chromedriverVersion=2.38.552522 (437e6fbedfa8762dec75e2c5b3ddb86763dc9dcb), userDataDir=C:\Users\RAVIKA~1\AppData\Local\Temp\scoped_dir4524_30889}, takesHeapSnapshot=true, pageLoadStrategy=normal, databaseEnabled=false, handlesAlerts=true, hasTouchScreen=false, version=66.0.3359.181, platform=XP, browserConnectionEnabled=false, nativeEvents=true, acceptSslCerts=false, acceptInsecureCerts=false, locationContextEnabled=true, webStorageEnabled=true, browserName=chrome, takesScreenshot=true, javascriptEnabled=true, cssSelectorsEnabled=true, setWindowRect=true, unexpectedAlertBehaviour=}]
Session ID: 17911cc707d5ba6a5fea22d03bb5197c
*** Element info: {Using=id, value=passw}
at sun.reflect.NativeConstructorAccessorImpl.newInstance0(Native Method)
at sun.reflect.NativeConstructorAccessorImpl.newInstance(NativeConstructorAccessorImpl.java:62)
at sun.reflect.DelegatingConstructorAccessorImpl.newInstance(DelegatingConstructorAccessorImpl.java:45)
at java.lang.reflect.Constructor.newInstance(Constructor.java:423)
at org.openqa.selenium.remote.ErrorHandler.createThrowable(ErrorHandler.java:206)
at org.openqa.selenium.remote.ErrorHandler.throwIfResponseFailed(ErrorHandler.java:158)
at org.openqa.selenium.remote.RemoteWebDriver.execute(RemoteWebDriver.java:678)
at org.openqa.selenium.remote.RemoteWebDriver.findElement(RemoteWebDriver.java:363)
at org.openqa.selenium.remote.RemoteWebDriver.findElementById(RemoteWebDriver.java:413)
at org.openqa.selenium.By$ById.findElement(By.java:218)
at org.openqa.selenium.remote.RemoteWebDriver.findElement(RemoteWebDriver.java:355)
at org.openqa.selenium.support.pagefactory.DefaultElementLocator.findElement(DefaultElementLocator.java:69)
at org.openqa.selenium.support.pagefactory.internal.LocatingElementHandler.invoke(LocatingElementHandler.java:38)
at com.sun.proxy.$Proxy8.sendKeys(Unknown Source)
at com.automation.AutomationPractice.PageUI.LoginPage.customerLogin(LoginPage.java:40)
at com.automation.AutomationPractice.TC001_PurchaseTwoItems.customerLogin(TC001_PurchaseTwoItems.java:28)
at sun.reflect.NativeMethodAccessorImpl.invoke0(Native Method)
at sun.reflect.NativeMethodAccessorImpl.invoke(NativeMethodAccessorImpl.java:62)
at sun.reflect.DelegatingMethodAccessorImpl.invoke(DelegatingMethodAccessorImpl.java:43)
at java.lang.reflect.Method.invoke(Method.java:498)
at org.testng.internal.MethodInvocationHelper.invokeMethod(MethodInvocationHelper.java:124)
at org.testng.internal.Invoker.invokeMethod(Invoker.java:583)
at org.testng.internal.Invoker.invokeTestMethod(Invoker.java:719)
at org.testng.internal.Invoker.invokeTestMethods(Invoker.java:989)
at org.testng.internal.TestMethodWorker.invokeTestMethods(TestMethodWorker.java:125)
at org.testng.internal.TestMethodWorker.run(TestMethodWorker.java:109)
at org.testng.TestRunner.privateRun(TestRunner.java:648)
at org.testng.TestRunner.run(TestRunner.java:505)
at org.testng.SuiteRunner.runTest(SuiteRunner.java:455)
at org.testng.SuiteRunner.runSequentially(SuiteRunner.java:450)
at org.testng.SuiteRunner.privateRun(SuiteRunner.java:415)
at org.testng.SuiteRunner.run(SuiteRunner.java:364)
at org.testng.SuiteRunnerWorker.runSuite(SuiteRunnerWorker.java:52)
at org.testng.SuiteRunnerWorker.run(SuiteRunnerWorker.java:84)
at org.testng.TestNG.runSuitesSequentially(TestNG.java:1208)
at org.testng.TestNG.runSuitesLocally(TestNG.java:1137)
at org.testng.TestNG.runSuites(TestNG.java:1049)
at org.testng.TestNG.run(TestNG.java:1017)
at org.testng.remote.AbstractRemoteTestNG.run(AbstractRemoteTestNG.java:114)
at org.testng.remote.RemoteTestNG.initAndRun(RemoteTestNG.java:251)
at org.testng.remote.RemoteTestNG.main(RemoteTestNG.java:77)
]]>
            </full-stacktrace>
          </exception> <!-- org.openqa.selenium.NoSuchElementException -->
          <reporter-output>
            <line>
              <![CDATA[Test started Running:customerLogin]]>
            </line>
            <line>
              <![CDATA[Clicked On SignIn LinkUsing with Object[[ChromeDriver: chrome on XP (17911cc707d5ba6a5fea22d03bb5197c)] -> link text: Sign in]]]>
            </line>
            <line>
              <![CDATA[Entered Email Addressusing with Object[[ChromeDriver: chrome on XP (17911cc707d5ba6a5fea22d03bb5197c)] -> id: email]]]>
            </line>
            <line>
              <![CDATA[Retrying test customerLogin with status FAILURE for the 1 time(s).]]>
            </line>
            <line>
              <![CDATA[Test is skipped:customerLogin]]>
            </line>
          </reporter-output>
        </test-method> <!-- customerLogin -->
        <test-method status="SKIP" signature="customerLogin()[pri:0, instance:com.automation.AutomationPractice.TC001_PurchaseTwoItems@1060b431]" name="customerLogin" duration-ms="2154" started-at="2018-05-16T16:20:02Z" finished-at="2018-05-16T16:20:05Z">
          <exception class="org.openqa.selenium.NoSuchElementException">
            <message>
              <![CDATA[no such element: Unable to locate element: {"method":"id","selector":"passw"}
  (Session info: chrome=66.0.3359.181)
  (Driver info: chromedriver=2.38.552522 (437e6fbedfa8762dec75e2c5b3ddb86763dc9dcb),platform=Windows NT 10.0.16299 x86_64) (WARNING: The server did not provide any stacktrace information)
Command duration or timeout: 14 milliseconds
For documentation on this error, please visit: http://seleniumhq.org/exceptions/no_such_element.html
Build info: version: '2.53.1', revision: 'a36b8b1cd5757287168e54b817830adce9b0158d', time: '2016-06-30 19:26:09'
System info: host: 'DESKTOP-2PVPGVB', ip: '192.168.37.1', os.name: 'Windows 10', os.arch: 'amd64', os.version: '10.0', java.version: '1.8.0_162'
Driver info: org.openqa.selenium.chrome.ChromeDriver
Capabilities [{applicationCacheEnabled=false, rotatable=false, mobileEmulationEnabled=false, networkConnectionEnabled=false, chrome={chromedriverVersion=2.38.552522 (437e6fbedfa8762dec75e2c5b3ddb86763dc9dcb), userDataDir=C:\Users\RAVIKA~1\AppData\Local\Temp\scoped_dir4524_30889}, takesHeapSnapshot=true, pageLoadStrategy=normal, databaseEnabled=false, handlesAlerts=true, hasTouchScreen=false, version=66.0.3359.181, platform=XP, browserConnectionEnabled=false, nativeEvents=true, acceptSslCerts=false, acceptInsecureCerts=false, locationContextEnabled=true, webStorageEnabled=true, browserName=chrome, takesScreenshot=true, javascriptEnabled=true, cssSelectorsEnabled=true, setWindowRect=true, unexpectedAlertBehaviour=}]
Session ID: 17911cc707d5ba6a5fea22d03bb5197c
*** Element info: {Using=id, value=passw}]]>
            </message>
            <full-stacktrace>
              <![CDATA[org.openqa.selenium.NoSuchElementException: no such element: Unable to locate element: {"method":"id","selector":"passw"}
  (Session info: chrome=66.0.3359.181)
  (Driver info: chromedriver=2.38.552522 (437e6fbedfa8762dec75e2c5b3ddb86763dc9dcb),platform=Windows NT 10.0.16299 x86_64) (WARNING: The server did not provide any stacktrace information)
Command duration or timeout: 14 milliseconds
For documentation on this error, please visit: http://seleniumhq.org/exceptions/no_such_element.html
Build info: version: '2.53.1', revision: 'a36b8b1cd5757287168e54b817830adce9b0158d', time: '2016-06-30 19:26:09'
System info: host: 'DESKTOP-2PVPGVB', ip: '192.168.37.1', os.name: 'Windows 10', os.arch: 'amd64', os.version: '10.0', java.version: '1.8.0_162'
Driver info: org.openqa.selenium.chrome.ChromeDriver
Capabilities [{applicationCacheEnabled=false, rotatable=false, mobileEmulationEnabled=false, networkConnectionEnabled=false, chrome={chromedriverVersion=2.38.552522 (437e6fbedfa8762dec75e2c5b3ddb86763dc9dcb), userDataDir=C:\Users\RAVIKA~1\AppData\Local\Temp\scoped_dir4524_30889}, takesHeapSnapshot=true, pageLoadStrategy=normal, databaseEnabled=false, handlesAlerts=true, hasTouchScreen=false, version=66.0.3359.181, platform=XP, browserConnectionEnabled=false, nativeEvents=true, acceptSslCerts=false, acceptInsecureCerts=false, locationContextEnabled=true, webStorageEnabled=true, browserName=chrome, takesScreenshot=true, javascriptEnabled=true, cssSelectorsEnabled=true, setWindowRect=true, unexpectedAlertBehaviour=}]
Session ID: 17911cc707d5ba6a5fea22d03bb5197c
*** Element info: {Using=id, value=passw}
at sun.reflect.NativeConstructorAccessorImpl.newInstance0(Native Method)
at sun.reflect.NativeConstructorAccessorImpl.newInstance(NativeConstructorAccessorImpl.java:62)
at sun.reflect.DelegatingConstructorAccessorImpl.newInstance(DelegatingConstructorAccessorImpl.java:45)
at java.lang.reflect.Constructor.newInstance(Constructor.java:423)
at org.openqa.selenium.remote.ErrorHandler.createThrowable(ErrorHandler.java:206)
at org.openqa.selenium.remote.ErrorHandler.throwIfResponseFailed(ErrorHandler.java:158)
at org.openqa.selenium.remote.RemoteWebDriver.execute(RemoteWebDriver.java:678)
at org.openqa.selenium.remote.RemoteWebDriver.findElement(RemoteWebDriver.java:363)
at org.openqa.selenium.remote.RemoteWebDriver.findElementById(RemoteWebDriver.java:413)
at org.openqa.selenium.By$ById.findElement(By.java:218)
at org.openqa.selenium.remote.RemoteWebDriver.findElement(RemoteWebDriver.java:355)
at org.openqa.selenium.support.pagefactory.DefaultElementLocator.findElement(DefaultElementLocator.java:69)
at org.openqa.selenium.support.pagefactory.internal.LocatingElementHandler.invoke(LocatingElementHandler.java:38)
at com.sun.proxy.$Proxy8.sendKeys(Unknown Source)
at com.automation.AutomationPractice.PageUI.LoginPage.customerLogin(LoginPage.java:40)
at com.automation.AutomationPractice.TC001_PurchaseTwoItems.customerLogin(TC001_PurchaseTwoItems.java:28)
at sun.reflect.NativeMethodAccessorImpl.invoke0(Native Method)
at sun.reflect.NativeMethodAccessorImpl.invoke(NativeMethodAccessorImpl.java:62)
at sun.reflect.DelegatingMethodAccessorImpl.invoke(DelegatingMethodAccessorImpl.java:43)
at java.lang.reflect.Method.invoke(Method.java:498)
at org.testng.internal.MethodInvocationHelper.invokeMethod(MethodInvocationHelper.java:124)
at org.testng.internal.Invoker.invokeMethod(Invoker.java:583)
at org.testng.internal.Invoker.retryFailed(Invoker.java:839)
at org.testng.internal.Invoker.invokeTestMethods(Invoker.java:1010)
at org.testng.internal.TestMethodWorker.invokeTestMethods(TestMethodWorker.java:125)
at org.testng.internal.TestMethodWorker.run(TestMethodWorker.java:109)
at org.testng.TestRunner.privateRun(TestRunner.java:648)
at org.testng.TestRunner.run(TestRunner.java:505)
at org.testng.SuiteRunner.runTest(SuiteRunner.java:455)
at org.testng.SuiteRunner.runSequentially(SuiteRunner.java:450)
at org.testng.SuiteRunner.privateRun(SuiteRunner.java:415)
at org.testng.SuiteRunner.run(SuiteRunner.java:364)
at org.testng.SuiteRunnerWorker.runSuite(SuiteRunnerWorker.java:52)
at org.testng.SuiteRunnerWorker.run(SuiteRunnerWorker.java:84)
at org.testng.TestNG.runSuitesSequentially(TestNG.java:1208)
at org.testng.TestNG.runSuitesLocally(TestNG.java:1137)
at org.testng.TestNG.runSuites(TestNG.java:1049)
at org.testng.TestNG.run(TestNG.java:1017)
at org.testng.remote.AbstractRemoteTestNG.run(AbstractRemoteTestNG.java:114)
at org.testng.remote.RemoteTestNG.initAndRun(RemoteTestNG.java:251)
at org.testng.remote.RemoteTestNG.main(RemoteTestNG.java:77)
]]>
            </full-stacktrace>
          </exception> <!-- org.openqa.selenium.NoSuchElementException -->
          <reporter-output>
            <line>
              <![CDATA[Test started Running:customerLogin]]>
            </line>
            <line>
              <![CDATA[Clicked On SignIn LinkUsing with Object[[ChromeDriver: chrome on XP (17911cc707d5ba6a5fea22d03bb5197c)] -> link text: Sign in]]]>
            </line>
            <line>
              <![CDATA[Entered Email Addressusing with Object[[ChromeDriver: chrome on XP (17911cc707d5ba6a5fea22d03bb5197c)] -> id: email]]]>
            </line>
            <line>
              <![CDATA[Retrying test customerLogin with status FAILURE for the 2 time(s).]]>
            </line>
            <line>
              <![CDATA[Test is skipped:customerLogin]]>
            </line>
          </reporter-output>
        </test-method> <!-- customerLogin -->
        <test-method status="FAIL" signature="customerLogin()[pri:0, instance:com.automation.AutomationPractice.TC001_PurchaseTwoItems@1060b431]" name="customerLogin" duration-ms="2210" started-at="2018-05-16T16:20:05Z" finished-at="2018-05-16T16:20:07Z">
          <exception class="org.openqa.selenium.NoSuchElementException">
            <message>
              <![CDATA[no such element: Unable to locate element: {"method":"id","selector":"passw"}
  (Session info: chrome=66.0.3359.181)
  (Driver info: chromedriver=2.38.552522 (437e6fbedfa8762dec75e2c5b3ddb86763dc9dcb),platform=Windows NT 10.0.16299 x86_64) (WARNING: The server did not provide any stacktrace information)
Command duration or timeout: 13 milliseconds
For documentation on this error, please visit: http://seleniumhq.org/exceptions/no_such_element.html
Build info: version: '2.53.1', revision: 'a36b8b1cd5757287168e54b817830adce9b0158d', time: '2016-06-30 19:26:09'
System info: host: 'DESKTOP-2PVPGVB', ip: '192.168.37.1', os.name: 'Windows 10', os.arch: 'amd64', os.version: '10.0', java.version: '1.8.0_162'
Driver info: org.openqa.selenium.chrome.ChromeDriver
Capabilities [{applicationCacheEnabled=false, rotatable=false, mobileEmulationEnabled=false, networkConnectionEnabled=false, chrome={chromedriverVersion=2.38.552522 (437e6fbedfa8762dec75e2c5b3ddb86763dc9dcb), userDataDir=C:\Users\RAVIKA~1\AppData\Local\Temp\scoped_dir4524_30889}, takesHeapSnapshot=true, pageLoadStrategy=normal, databaseEnabled=false, handlesAlerts=true, hasTouchScreen=false, version=66.0.3359.181, platform=XP, browserConnectionEnabled=false, nativeEvents=true, acceptSslCerts=false, acceptInsecureCerts=false, locationContextEnabled=true, webStorageEnabled=true, browserName=chrome, takesScreenshot=true, javascriptEnabled=true, cssSelectorsEnabled=true, setWindowRect=true, unexpectedAlertBehaviour=}]
Session ID: 17911cc707d5ba6a5fea22d03bb5197c
*** Element info: {Using=id, value=passw}]]>
            </message>
            <full-stacktrace>
              <![CDATA[org.openqa.selenium.NoSuchElementException: no such element: Unable to locate element: {"method":"id","selector":"passw"}
  (Session info: chrome=66.0.3359.181)
  (Driver info: chromedriver=2.38.552522 (437e6fbedfa8762dec75e2c5b3ddb86763dc9dcb),platform=Windows NT 10.0.16299 x86_64) (WARNING: The server did not provide any stacktrace information)
Command duration or timeout: 13 milliseconds
For documentation on this error, please visit: http://seleniumhq.org/exceptions/no_such_element.html
Build info: version: '2.53.1', revision: 'a36b8b1cd5757287168e54b817830adce9b0158d', time: '2016-06-30 19:26:09'
System info: host: 'DESKTOP-2PVPGVB', ip: '192.168.37.1', os.name: 'Windows 10', os.arch: 'amd64', os.version: '10.0', java.version: '1.8.0_162'
Driver info: org.openqa.selenium.chrome.ChromeDriver
Capabilities [{applicationCacheEnabled=false, rotatable=false, mobileEmulationEnabled=false, networkConnectionEnabled=false, chrome={chromedriverVersion=2.38.552522 (437e6fbedfa8762dec75e2c5b3ddb86763dc9dcb), userDataDir=C:\Users\RAVIKA~1\AppData\Local\Temp\scoped_dir4524_30889}, takesHeapSnapshot=true, pageLoadStrategy=normal, databaseEnabled=false, handlesAlerts=true, hasTouchScreen=false, version=66.0.3359.181, platform=XP, browserConnectionEnabled=false, nativeEvents=true, acceptSslCerts=false, acceptInsecureCerts=false, locationContextEnabled=true, webStorageEnabled=true, browserName=chrome, takesScreenshot=true, javascriptEnabled=true, cssSelectorsEnabled=true, setWindowRect=true, unexpectedAlertBehaviour=}]
Session ID: 17911cc707d5ba6a5fea22d03bb5197c
*** Element info: {Using=id, value=passw}
at sun.reflect.NativeConstructorAccessorImpl.newInstance0(Native Method)
at sun.reflect.NativeConstructorAccessorImpl.newInstance(NativeConstructorAccessorImpl.java:62)
at sun.reflect.DelegatingConstructorAccessorImpl.newInstance(DelegatingConstructorAccessorImpl.java:45)
at java.lang.reflect.Constructor.newInstance(Constructor.java:423)
at org.openqa.selenium.remote.ErrorHandler.createThrowable(ErrorHandler.java:206)
at org.openqa.selenium.remote.ErrorHandler.throwIfResponseFailed(ErrorHandler.java:158)
at org.openqa.selenium.remote.RemoteWebDriver.execute(RemoteWebDriver.java:678)
at org.openqa.selenium.remote.RemoteWebDriver.findElement(RemoteWebDriver.java:363)
at org.openqa.selenium.remote.RemoteWebDriver.findElementById(RemoteWebDriver.java:413)
at org.openqa.selenium.By$ById.findElement(By.java:218)
at org.openqa.selenium.remote.RemoteWebDriver.findElement(RemoteWebDriver.java:355)
at org.openqa.selenium.support.pagefactory.DefaultElementLocator.findElement(DefaultElementLocator.java:69)
at org.openqa.selenium.support.pagefactory.internal.LocatingElementHandler.invoke(LocatingElementHandler.java:38)
at com.sun.proxy.$Proxy8.sendKeys(Unknown Source)
at com.automation.AutomationPractice.PageUI.LoginPage.customerLogin(LoginPage.java:40)
at com.automation.AutomationPractice.TC001_PurchaseTwoItems.customerLogin(TC001_PurchaseTwoItems.java:28)
at sun.reflect.NativeMethodAccessorImpl.invoke0(Native Method)
at sun.reflect.NativeMethodAccessorImpl.invoke(NativeMethodAccessorImpl.java:62)
at sun.reflect.DelegatingMethodAccessorImpl.invoke(DelegatingMethodAccessorImpl.java:43)
at java.lang.reflect.Method.invoke(Method.java:498)
at org.testng.internal.MethodInvocationHelper.invokeMethod(MethodInvocationHelper.java:124)
at org.testng.internal.Invoker.invokeMethod(Invoker.java:583)
at org.testng.internal.Invoker.retryFailed(Invoker.java:839)
at org.testng.internal.Invoker.invokeTestMethods(Invoker.java:1010)
at org.testng.internal.TestMethodWorker.invokeTestMethods(TestMethodWorker.java:125)
at org.testng.internal.TestMethodWorker.run(TestMethodWorker.java:109)
at org.testng.TestRunner.privateRun(TestRunner.java:648)
at org.testng.TestRunner.run(TestRunner.java:505)
at org.testng.SuiteRunner.runTest(SuiteRunner.java:455)
at org.testng.SuiteRunner.runSequentially(SuiteRunner.java:450)
at org.testng.SuiteRunner.privateRun(SuiteRunner.java:415)
at org.testng.SuiteRunner.run(SuiteRunner.java:364)
at org.testng.SuiteRunnerWorker.runSuite(SuiteRunnerWorker.java:52)
at org.testng.SuiteRunnerWorker.run(SuiteRunnerWorker.java:84)
at org.testng.TestNG.runSuitesSequentially(TestNG.java:1208)
at org.testng.TestNG.runSuitesLocally(TestNG.java:1137)
at org.testng.TestNG.runSuites(TestNG.java:1049)
at org.testng.TestNG.run(TestNG.java:1017)
at org.testng.remote.AbstractRemoteTestNG.run(AbstractRemoteTestNG.java:114)
at org.testng.remote.RemoteTestNG.initAndRun(RemoteTestNG.java:251)
at org.testng.remote.RemoteTestNG.main(RemoteTestNG.java:77)
]]>
            </full-stacktrace>
          </exception> <!-- org.openqa.selenium.NoSuchElementException -->
          <reporter-output>
            <line>
              <![CDATA[Test started Running:customerLogin]]>
            </line>
            <line>
              <![CDATA[Clicked On SignIn LinkUsing with Object[[ChromeDriver: chrome on XP (17911cc707d5ba6a5fea22d03bb5197c)] -> link text: Sign in]]]>
            </line>
            <line>
              <![CDATA[Entered Email Addressusing with Object[[ChromeDriver: chrome on XP (17911cc707d5ba6a5fea22d03bb5197c)] -> id: email]]]>
            </line>
            <line>
              <![CDATA[<a href='D:\Selenium Projects\AutomationPractice\src\main\java\com\automation\AutomationPractice\failure_screenshots\customerLogin_16_05_2018_09_50_07.png'> <img src='D:\Selenium Projects\AutomationPractice\src\main\java\com\automation\AutomationPractice\failure_screenshots\customerLogin_16_05_2018_09_50_07.png' height='100' width='100'/> </a>]]>
            </line>
          </reporter-output>
        </test-method> <!-- customerLogin -->
        <test-method status="PASS" signature="purchaseTwoItems()[pri:1, instance:com.automation.AutomationPractice.TC001_PurchaseTwoItems@1060b431]" name="purchaseTwoItems" duration-ms="2" started-at="2018-05-16T16:20:07Z" finished-at="2018-05-16T16:20:07Z">
          <reporter-output>
            <line>
              <![CDATA[Test started Running:purchaseTwoItems]]>
            </line>
            <line>
              <![CDATA[Test is success:purchaseTwoItems]]>
            </line>
            <line>
              <![CDATA[<a href='D:\Selenium Projects\AutomationPractice\src\main\java\com\automation\AutomationPractice\success_screenshots\purchaseTwoItems_16_05_2018_09_50_07.png'> <img src='D:\Selenium Projects\AutomationPractice\src\main\java\com\automation\AutomationPractice\success_screenshots\purchaseTwoItems_16_05_2018_09_50_07.png' height='100' width='100'/> </a>]]>
            </line>
          </reporter-output>
        </test-method> <!-- purchaseTwoItems -->
        <test-method status="PASS" signature="endProcess()[pri:0, instance:com.automation.AutomationPractice.TC001_PurchaseTwoItems@1060b431]" name="endProcess" is-config="true" duration-ms="0" started-at="2018-05-16T16:20:08Z" finished-at="2018-05-16T16:20:08Z">
          <reporter-output>
          </reporter-output>
        </test-method> <!-- endProcess -->
      </class> <!-- com.automation.AutomationPractice.TC001_PurchaseTwoItems -->
    </test> <!-- ChromeTest -->
  </suite> <!-- RegressionSuite -->
</testng-results>
