<?xml version="1.0" encoding="UTF-8"?>
<!-- Generated by org.testng.reporters.JUnitXMLReporter -->
<testsuite hostname="Suuresh-PC" ignored="0" name="ChromeTest" tests="4" failures="1" timestamp="16 May 2018 18:00:07 GMT" time="25.408" errors="0">
  <testcase name="customerLogin" time="9.712" classname="com.automation.AutomationPractice.TC001_PurchaseTwoItems"/>
  <testcase name="purchaseTwoItems" time="0.36" classname="com.automation.AutomationPractice.TC001_PurchaseTwoItems">
    <skipped/>
  </testcase> <!-- purchaseTwoItems -->
  <testcase name="purchaseTwoItems" time="0.041" classname="com.automation.AutomationPractice.TC001_PurchaseTwoItems">
    <skipped/>
  </testcase> <!-- purchaseTwoItems -->
  <testcase name="purchaseTwoItems" time="0.062" classname="com.automation.AutomationPractice.TC001_PurchaseTwoItems">
    <failure type="java.lang.ClassCastException" message="java.util.ArrayList cannot be cast to org.openqa.selenium.WebElement">
      <![CDATA[java.lang.ClassCastException: java.util.ArrayList cannot be cast to org.openqa.selenium.WebElement
at com.automation.AutomationPractice.TC001_PurchaseTwoItems.purchaseTwoItems(TC001_PurchaseTwoItems.java:38)
... Removed 28 stack frames]]>
    </failure>
  </testcase> <!-- purchaseTwoItems -->
</testsuite> <!-- ChromeTest -->
