<?xml version="1.0" encoding="UTF-8"?>
<testng-results skipped="0" failed="1" ignored="0" total="1" passed="0">
  <reporter-output>
  </reporter-output>
  <suite name="Default suite" duration-ms="58380" started-at="2018-03-14T01:03:00Z" finished-at="2018-03-14T01:03:59Z">
    <groups>
    </groups>
    <test name="Default test" duration-ms="58380" started-at="2018-03-14T01:03:00Z" finished-at="2018-03-14T01:03:59Z">
      <class name="com.page.objectmodel.PageObjectpProject.TC001_Login">
        <test-method status="PASS" signature="setUp()[pri:0, instance:com.page.objectmodel.PageObjectpProject.TC001_Login@4566e5bd]" name="setUp" is-config="true" duration-ms="47493" started-at="2018-03-14T06:33:00Z" finished-at="2018-03-14T06:33:48Z">
          <reporter-output>
          </reporter-output>
        </test-method> <!-- setUp -->
        <test-method status="FAIL" signature="loginPage()[pri:0, instance:com.page.objectmodel.PageObjectpProject.TC001_Login@4566e5bd]" name="loginPage" duration-ms="10816" started-at="2018-03-14T06:33:48Z" finished-at="2018-03-14T06:33:59Z">
          <exception class="java.lang.AssertionError">
            <message>
              <![CDATA[expected [Password is required.] but found [Authentication failed.]]]>
            </message>
            <full-stacktrace>
              <![CDATA[java.lang.AssertionError: expected [Password is required.] but found [Authentication failed.]
	at org.testng.Assert.fail(Assert.java:93)
	at org.testng.Assert.failNotEquals(Assert.java:512)
	at org.testng.Assert.assertEqualsImpl(Assert.java:134)
	at org.testng.Assert.assertEquals(Assert.java:115)
	at org.testng.Assert.assertEquals(Assert.java:189)
	at org.testng.Assert.assertEquals(Assert.java:199)
	at com.page.objectmodel.PageObjectpProject.TC001_Login.loginPage(TC001_Login.java:39)
	at sun.reflect.NativeMethodAccessorImpl.invoke0(Native Method)
	at sun.reflect.NativeMethodAccessorImpl.invoke(NativeMethodAccessorImpl.java:62)
	at sun.reflect.DelegatingMethodAccessorImpl.invoke(DelegatingMethodAccessorImpl.java:43)
	at java.lang.reflect.Method.invoke(Method.java:498)
	at org.testng.internal.MethodInvocationHelper.invokeMethod(MethodInvocationHelper.java:108)
	at org.testng.internal.Invoker.invokeMethod(Invoker.java:661)
	at org.testng.internal.Invoker.invokeTestMethod(Invoker.java:869)
	at org.testng.internal.Invoker.invokeTestMethods(Invoker.java:1193)
	at org.testng.internal.TestMethodWorker.invokeTestMethods(TestMethodWorker.java:126)
	at org.testng.internal.TestMethodWorker.run(TestMethodWorker.java:109)
	at org.testng.TestRunner.privateRun(TestRunner.java:744)
	at org.testng.TestRunner.run(TestRunner.java:602)
	at org.testng.SuiteRunner.runTest(SuiteRunner.java:380)
	at org.testng.SuiteRunner.runSequentially(SuiteRunner.java:375)
	at org.testng.SuiteRunner.privateRun(SuiteRunner.java:340)
	at org.testng.SuiteRunner.run(SuiteRunner.java:289)
	at org.testng.SuiteRunnerWorker.runSuite(SuiteRunnerWorker.java:52)
	at org.testng.SuiteRunnerWorker.run(SuiteRunnerWorker.java:86)
	at org.testng.TestNG.runSuitesSequentially(TestNG.java:1301)
	at org.testng.TestNG.runSuitesLocally(TestNG.java:1226)
	at org.testng.TestNG.runSuites(TestNG.java:1144)
	at org.testng.TestNG.run(TestNG.java:1115)
	at org.testng.remote.AbstractRemoteTestNG.run(AbstractRemoteTestNG.java:114)
	at org.testng.remote.RemoteTestNG.initAndRun(RemoteTestNG.java:251)
	at org.testng.remote.RemoteTestNG.main(RemoteTestNG.java:77)
]]>
            </full-stacktrace>
          </exception> <!-- java.lang.AssertionError -->
          <reporter-output>
          </reporter-output>
        </test-method> <!-- loginPage -->
        <test-method status="PASS" signature="killProcess()[pri:0, instance:com.page.objectmodel.PageObjectpProject.TC001_Login@4566e5bd]" name="killProcess" is-config="true" duration-ms="1" started-at="2018-03-14T06:33:59Z" finished-at="2018-03-14T06:33:59Z">
          <reporter-output>
          </reporter-output>
        </test-method> <!-- killProcess -->
      </class> <!-- com.page.objectmodel.PageObjectpProject.TC001_Login -->
    </test> <!-- Default test -->
  </suite> <!-- Default suite -->
</testng-results>
