<?xml version="1.0" encoding="UTF-8"?>
<testng-results skipped="2" failed="1" ignored="0" total="4" passed="1">
  <reporter-output>
    <line>
      <![CDATA[Test started Running:customerLogin]]>
    </line>
    <line>
      <![CDATA[Clicked On SignIn LinkUsing with Object[[ChromeDriver: chrome on XP (ff94e8ea88248ef87c41927f9da6aca2)] -> link text: Sign in]]]>
    </line>
    <line>
      <![CDATA[Entered Email Addressusing with Object[[ChromeDriver: chrome on XP (ff94e8ea88248ef87c41927f9da6aca2)] -> id: email]]]>
    </line>
    <line>
      <![CDATA[Entered Password using with Object [[ChromeDriver: chrome on XP (ff94e8ea88248ef87c41927f9da6aca2)] -> id: passwd]]]>
    </line>
    <line>
      <![CDATA[Clicked on SubmitButton using with Object Proxy element for: DefaultElementLocator 'By.id: SubmitLogin']]>
    </line>
    <line>
      <![CDATA[Verified Account details using with Object [[ChromeDriver: chrome on XP (ff94e8ea88248ef87c41927f9da6aca2)] -> xpath: //h1[text()='My account']]]]>
    </line>
    <line>
      <![CDATA[Clicked on Home Linkusing with Object Proxy element for: DefaultElementLocator 'By.xpath: //a[@title='Return to Home']']]>
    </line>
    <line>
      <![CDATA[Test is success:customerLogin]]>
    </line>
    <line>
      <![CDATA[<a href='C:\Users\Suuresh\git\selenium\AutomationPractice\src\main\java\com\automation\AutomationPractice\success_screenshots\customerLogin_16_05_2018_11_30_05.png'> <img src='C:\Users\Suuresh\git\selenium\AutomationPractice\src\main\java\com\automation\AutomationPractice\success_screenshots\customerLogin_16_05_2018_11_30_05.png' height='100' width='100'/> </a>]]>
    </line>
    <line>
      <![CDATA[Test started Running:purchaseTwoItems]]>
    </line>
    <line>
      <![CDATA[Retrying test purchaseTwoItems with status FAILURE for the 1 time(s).]]>
    </line>
    <line>
      <![CDATA[Test is skipped:purchaseTwoItems]]>
    </line>
    <line>
      <![CDATA[Test started Running:purchaseTwoItems]]>
    </line>
    <line>
      <![CDATA[Retrying test purchaseTwoItems with status FAILURE for the 2 time(s).]]>
    </line>
    <line>
      <![CDATA[Test is skipped:purchaseTwoItems]]>
    </line>
    <line>
      <![CDATA[Test started Running:purchaseTwoItems]]>
    </line>
    <line>
      <![CDATA[<a href='C:\Users\Suuresh\git\selenium\AutomationPractice\src\main\java\com\automation\AutomationPractice\failure_screenshots\purchaseTwoItems_16_05_2018_11_30_06.png'> <img src='C:\Users\Suuresh\git\selenium\AutomationPractice\src\main\java\com\automation\AutomationPractice\failure_screenshots\purchaseTwoItems_16_05_2018_11_30_06.png' height='100' width='100'/> </a>]]>
    </line>
  </reporter-output>
  <suite name="RegressionSuite" duration-ms="25408" started-at="2018-05-16T17:59:42Z" finished-at="2018-05-16T18:00:07Z">
    <groups>
    </groups>
    <test name="ChromeTest" duration-ms="25408" started-at="2018-05-16T17:59:42Z" finished-at="2018-05-16T18:00:07Z">
      <class name="com.automation.AutomationPractice.TC001_PurchaseTwoItems">
        <test-method status="PASS" signature="startProcess(java.lang.String)[pri:0, instance:com.automation.AutomationPractice.TC001_PurchaseTwoItems@3a883ce7]" name="startProcess" is-config="true" duration-ms="13093" started-at="2018-05-16T17:59:42Z" finished-at="2018-05-16T17:59:55Z">
          <params>
            <param index="0">
              <value>
                <![CDATA[chrome]]>
              </value>
            </param>
          </params>
          <reporter-output>
          </reporter-output>
        </test-method> <!-- startProcess -->
        <test-method status="PASS" signature="customerLogin()[pri:0, instance:com.automation.AutomationPractice.TC001_PurchaseTwoItems@3a883ce7]" name="customerLogin" duration-ms="9712" started-at="2018-05-16T17:59:55Z" finished-at="2018-05-16T18:00:04Z">
          <reporter-output>
            <line>
              <![CDATA[Test started Running:customerLogin]]>
            </line>
            <line>
              <![CDATA[Clicked On SignIn LinkUsing with Object[[ChromeDriver: chrome on XP (ff94e8ea88248ef87c41927f9da6aca2)] -> link text: Sign in]]]>
            </line>
            <line>
              <![CDATA[Entered Email Addressusing with Object[[ChromeDriver: chrome on XP (ff94e8ea88248ef87c41927f9da6aca2)] -> id: email]]]>
            </line>
            <line>
              <![CDATA[Entered Password using with Object [[ChromeDriver: chrome on XP (ff94e8ea88248ef87c41927f9da6aca2)] -> id: passwd]]]>
            </line>
            <line>
              <![CDATA[Clicked on SubmitButton using with Object Proxy element for: DefaultElementLocator 'By.id: SubmitLogin']]>
            </line>
            <line>
              <![CDATA[Verified Account details using with Object [[ChromeDriver: chrome on XP (ff94e8ea88248ef87c41927f9da6aca2)] -> xpath: //h1[text()='My account']]]]>
            </line>
            <line>
              <![CDATA[Clicked on Home Linkusing with Object Proxy element for: DefaultElementLocator 'By.xpath: //a[@title='Return to Home']']]>
            </line>
            <line>
              <![CDATA[Test is success:customerLogin]]>
            </line>
            <line>
              <![CDATA[<a href='C:\Users\Suuresh\git\selenium\AutomationPractice\src\main\java\com\automation\AutomationPractice\success_screenshots\customerLogin_16_05_2018_11_30_05.png'> <img src='C:\Users\Suuresh\git\selenium\AutomationPractice\src\main\java\com\automation\AutomationPractice\success_screenshots\customerLogin_16_05_2018_11_30_05.png' height='100' width='100'/> </a>]]>
            </line>
          </reporter-output>
        </test-method> <!-- customerLogin -->
        <test-method status="SKIP" signature="purchaseTwoItems()[pri:1, instance:com.automation.AutomationPractice.TC001_PurchaseTwoItems@3a883ce7]" name="purchaseTwoItems" duration-ms="360" started-at="2018-05-16T18:00:06Z" finished-at="2018-05-16T18:00:06Z">
          <exception class="java.lang.ClassCastException">
            <message>
              <![CDATA[java.util.ArrayList cannot be cast to org.openqa.selenium.WebElement]]>
            </message>
            <full-stacktrace>
              <![CDATA[java.lang.ClassCastException: java.util.ArrayList cannot be cast to org.openqa.selenium.WebElement
at com.automation.AutomationPractice.TC001_PurchaseTwoItems.purchaseTwoItems(TC001_PurchaseTwoItems.java:38)
at sun.reflect.NativeMethodAccessorImpl.invoke0(Native Method)
at sun.reflect.NativeMethodAccessorImpl.invoke(NativeMethodAccessorImpl.java:62)
at sun.reflect.DelegatingMethodAccessorImpl.invoke(DelegatingMethodAccessorImpl.java:43)
at java.lang.reflect.Method.invoke(Method.java:498)
at org.testng.internal.MethodInvocationHelper.invokeMethod(MethodInvocationHelper.java:124)
at org.testng.internal.Invoker.invokeMethod(Invoker.java:583)
at org.testng.internal.Invoker.invokeTestMethod(Invoker.java:719)
at org.testng.internal.Invoker.invokeTestMethods(Invoker.java:989)
at org.testng.internal.TestMethodWorker.invokeTestMethods(TestMethodWorker.java:125)
at org.testng.internal.TestMethodWorker.run(TestMethodWorker.java:109)
at org.testng.TestRunner.privateRun(TestRunner.java:648)
at org.testng.TestRunner.run(TestRunner.java:505)
at org.testng.SuiteRunner.runTest(SuiteRunner.java:455)
at org.testng.SuiteRunner.runSequentially(SuiteRunner.java:450)
at org.testng.SuiteRunner.privateRun(SuiteRunner.java:415)
at org.testng.SuiteRunner.run(SuiteRunner.java:364)
at org.testng.SuiteRunnerWorker.runSuite(SuiteRunnerWorker.java:52)
at org.testng.SuiteRunnerWorker.run(SuiteRunnerWorker.java:84)
at org.testng.TestNG.runSuitesSequentially(TestNG.java:1208)
at org.testng.TestNG.runSuitesLocally(TestNG.java:1137)
at org.testng.TestNG.runSuites(TestNG.java:1049)
at org.testng.TestNG.run(TestNG.java:1017)
at org.apache.maven.surefire.testng.TestNGExecutor.run(TestNGExecutor.java:281)
at org.apache.maven.surefire.testng.TestNGXmlTestSuite.execute(TestNGXmlTestSuite.java:75)
at org.apache.maven.surefire.testng.TestNGProvider.invoke(TestNGProvider.java:121)
at org.apache.maven.surefire.booter.ForkedBooter.invokeProviderInSameClassLoader(ForkedBooter.java:290)
at org.apache.maven.surefire.booter.ForkedBooter.runSuitesInProcess(ForkedBooter.java:242)
at org.apache.maven.surefire.booter.ForkedBooter.main(ForkedBooter.java:121)
]]>
            </full-stacktrace>
          </exception> <!-- java.lang.ClassCastException -->
          <reporter-output>
            <line>
              <![CDATA[Test started Running:purchaseTwoItems]]>
            </line>
            <line>
              <![CDATA[Retrying test purchaseTwoItems with status FAILURE for the 1 time(s).]]>
            </line>
            <line>
              <![CDATA[Test is skipped:purchaseTwoItems]]>
            </line>
          </reporter-output>
        </test-method> <!-- purchaseTwoItems -->
        <test-method status="SKIP" signature="purchaseTwoItems()[pri:1, instance:com.automation.AutomationPractice.TC001_PurchaseTwoItems@3a883ce7]" name="purchaseTwoItems" duration-ms="41" started-at="2018-05-16T18:00:06Z" finished-at="2018-05-16T18:00:06Z">
          <exception class="java.lang.ClassCastException">
            <message>
              <![CDATA[java.util.ArrayList cannot be cast to org.openqa.selenium.WebElement]]>
            </message>
            <full-stacktrace>
              <![CDATA[java.lang.ClassCastException: java.util.ArrayList cannot be cast to org.openqa.selenium.WebElement
at com.automation.AutomationPractice.TC001_PurchaseTwoItems.purchaseTwoItems(TC001_PurchaseTwoItems.java:38)
at sun.reflect.NativeMethodAccessorImpl.invoke0(Native Method)
at sun.reflect.NativeMethodAccessorImpl.invoke(NativeMethodAccessorImpl.java:62)
at sun.reflect.DelegatingMethodAccessorImpl.invoke(DelegatingMethodAccessorImpl.java:43)
at java.lang.reflect.Method.invoke(Method.java:498)
at org.testng.internal.MethodInvocationHelper.invokeMethod(MethodInvocationHelper.java:124)
at org.testng.internal.Invoker.invokeMethod(Invoker.java:583)
at org.testng.internal.Invoker.retryFailed(Invoker.java:839)
at org.testng.internal.Invoker.invokeTestMethods(Invoker.java:1010)
at org.testng.internal.TestMethodWorker.invokeTestMethods(TestMethodWorker.java:125)
at org.testng.internal.TestMethodWorker.run(TestMethodWorker.java:109)
at org.testng.TestRunner.privateRun(TestRunner.java:648)
at org.testng.TestRunner.run(TestRunner.java:505)
at org.testng.SuiteRunner.runTest(SuiteRunner.java:455)
at org.testng.SuiteRunner.runSequentially(SuiteRunner.java:450)
at org.testng.SuiteRunner.privateRun(SuiteRunner.java:415)
at org.testng.SuiteRunner.run(SuiteRunner.java:364)
at org.testng.SuiteRunnerWorker.runSuite(SuiteRunnerWorker.java:52)
at org.testng.SuiteRunnerWorker.run(SuiteRunnerWorker.java:84)
at org.testng.TestNG.runSuitesSequentially(TestNG.java:1208)
at org.testng.TestNG.runSuitesLocally(TestNG.java:1137)
at org.testng.TestNG.runSuites(TestNG.java:1049)
at org.testng.TestNG.run(TestNG.java:1017)
at org.apache.maven.surefire.testng.TestNGExecutor.run(TestNGExecutor.java:281)
at org.apache.maven.surefire.testng.TestNGXmlTestSuite.execute(TestNGXmlTestSuite.java:75)
at org.apache.maven.surefire.testng.TestNGProvider.invoke(TestNGProvider.java:121)
at org.apache.maven.surefire.booter.ForkedBooter.invokeProviderInSameClassLoader(ForkedBooter.java:290)
at org.apache.maven.surefire.booter.ForkedBooter.runSuitesInProcess(ForkedBooter.java:242)
at org.apache.maven.surefire.booter.ForkedBooter.main(ForkedBooter.java:121)
]]>
            </full-stacktrace>
          </exception> <!-- java.lang.ClassCastException -->
          <reporter-output>
            <line>
              <![CDATA[Test started Running:purchaseTwoItems]]>
            </line>
            <line>
              <![CDATA[Retrying test purchaseTwoItems with status FAILURE for the 2 time(s).]]>
            </line>
            <line>
              <![CDATA[Test is skipped:purchaseTwoItems]]>
            </line>
          </reporter-output>
        </test-method> <!-- purchaseTwoItems -->
        <test-method status="FAIL" signature="purchaseTwoItems()[pri:1, instance:com.automation.AutomationPractice.TC001_PurchaseTwoItems@3a883ce7]" name="purchaseTwoItems" duration-ms="62" started-at="2018-05-16T18:00:06Z" finished-at="2018-05-16T18:00:06Z">
          <exception class="java.lang.ClassCastException">
            <message>
              <![CDATA[java.util.ArrayList cannot be cast to org.openqa.selenium.WebElement]]>
            </message>
            <full-stacktrace>
              <![CDATA[java.lang.ClassCastException: java.util.ArrayList cannot be cast to org.openqa.selenium.WebElement
at com.automation.AutomationPractice.TC001_PurchaseTwoItems.purchaseTwoItems(TC001_PurchaseTwoItems.java:38)
at sun.reflect.NativeMethodAccessorImpl.invoke0(Native Method)
at sun.reflect.NativeMethodAccessorImpl.invoke(NativeMethodAccessorImpl.java:62)
at sun.reflect.DelegatingMethodAccessorImpl.invoke(DelegatingMethodAccessorImpl.java:43)
at java.lang.reflect.Method.invoke(Method.java:498)
at org.testng.internal.MethodInvocationHelper.invokeMethod(MethodInvocationHelper.java:124)
at org.testng.internal.Invoker.invokeMethod(Invoker.java:583)
at org.testng.internal.Invoker.retryFailed(Invoker.java:839)
at org.testng.internal.Invoker.invokeTestMethods(Invoker.java:1010)
at org.testng.internal.TestMethodWorker.invokeTestMethods(TestMethodWorker.java:125)
at org.testng.internal.TestMethodWorker.run(TestMethodWorker.java:109)
at org.testng.TestRunner.privateRun(TestRunner.java:648)
at org.testng.TestRunner.run(TestRunner.java:505)
at org.testng.SuiteRunner.runTest(SuiteRunner.java:455)
at org.testng.SuiteRunner.runSequentially(SuiteRunner.java:450)
at org.testng.SuiteRunner.privateRun(SuiteRunner.java:415)
at org.testng.SuiteRunner.run(SuiteRunner.java:364)
at org.testng.SuiteRunnerWorker.runSuite(SuiteRunnerWorker.java:52)
at org.testng.SuiteRunnerWorker.run(SuiteRunnerWorker.java:84)
at org.testng.TestNG.runSuitesSequentially(TestNG.java:1208)
at org.testng.TestNG.runSuitesLocally(TestNG.java:1137)
at org.testng.TestNG.runSuites(TestNG.java:1049)
at org.testng.TestNG.run(TestNG.java:1017)
at org.apache.maven.surefire.testng.TestNGExecutor.run(TestNGExecutor.java:281)
at org.apache.maven.surefire.testng.TestNGXmlTestSuite.execute(TestNGXmlTestSuite.java:75)
at org.apache.maven.surefire.testng.TestNGProvider.invoke(TestNGProvider.java:121)
at org.apache.maven.surefire.booter.ForkedBooter.invokeProviderInSameClassLoader(ForkedBooter.java:290)
at org.apache.maven.surefire.booter.ForkedBooter.runSuitesInProcess(ForkedBooter.java:242)
at org.apache.maven.surefire.booter.ForkedBooter.main(ForkedBooter.java:121)
]]>
            </full-stacktrace>
          </exception> <!-- java.lang.ClassCastException -->
          <reporter-output>
            <line>
              <![CDATA[Test started Running:purchaseTwoItems]]>
            </line>
            <line>
              <![CDATA[<a href='C:\Users\Suuresh\git\selenium\AutomationPractice\src\main\java\com\automation\AutomationPractice\failure_screenshots\purchaseTwoItems_16_05_2018_11_30_06.png'> <img src='C:\Users\Suuresh\git\selenium\AutomationPractice\src\main\java\com\automation\AutomationPractice\failure_screenshots\purchaseTwoItems_16_05_2018_11_30_06.png' height='100' width='100'/> </a>]]>
            </line>
          </reporter-output>
        </test-method> <!-- purchaseTwoItems -->
        <test-method status="PASS" signature="endProcess()[pri:0, instance:com.automation.AutomationPractice.TC001_PurchaseTwoItems@3a883ce7]" name="endProcess" is-config="true" duration-ms="1" started-at="2018-05-16T18:00:07Z" finished-at="2018-05-16T18:00:07Z">
          <reporter-output>
          </reporter-output>
        </test-method> <!-- endProcess -->
      </class> <!-- com.automation.AutomationPractice.TC001_PurchaseTwoItems -->
    </test> <!-- ChromeTest -->
  </suite> <!-- RegressionSuite -->
</testng-results>
